2018-10-05 08:44:13.211+0000 WARN [o.n.i.p.PageCache] The dbms.memory.pagecache.size setting has not been configured. It is recommended that this setting is always explicitly configured, to ensure the system has a balanced configuration. Until then, a computed heuristic value of 4680294400 bytes will be used instead. Run `neo4j-admin memrec` for memory configuration suggestions.
2018-10-05 08:44:13.836+0000 INFO [o.n.k.i.f.CommunityEditionModule] No locking implementation specified, defaulting to 'community'
2018-10-05 08:44:14.155+0000 INFO [o.n.k.AvailabilityGuard] Requirement makes database unavailable: Database available
2018-10-05 08:44:14.184+0000 INFO [o.n.k.i.DiagnosticsManager] --- INITIALIZED diagnostics START ---
2018-10-05 08:44:14.185+0000 INFO [o.n.k.i.DiagnosticsManager] Neo4j Kernel properties:
2018-10-05 08:44:14.185+0000 INFO [o.n.k.i.DiagnosticsManager] dbms.connector.http.enabled=true
2018-10-05 08:44:14.185+0000 INFO [o.n.k.i.DiagnosticsManager] dbms.security.auth_enabled=false
2018-10-05 08:44:14.185+0000 INFO [o.n.k.i.DiagnosticsManager] dbms.windows_service_name=neo4j
2018-10-05 08:44:14.186+0000 INFO [o.n.k.i.DiagnosticsManager] dbms.connector.http.listen_address=localhost:7474
2018-10-05 08:44:14.186+0000 INFO [o.n.k.i.DiagnosticsManager] dbms.connector.https.listen_address=localhost:7473
2018-10-05 08:44:14.186+0000 INFO [o.n.k.i.DiagnosticsManager] unsupported.dbms.directories.neo4j_home=/home/kamal/Sites/RoR/asset_portal/db/neo4j/development
2018-10-05 08:44:14.186+0000 INFO [o.n.k.i.DiagnosticsManager] dbms.connector.bolt.listen_address=localhost:7472
2018-10-05 08:44:14.186+0000 INFO [o.n.k.i.DiagnosticsManager] dbms.directories.import=import
2018-10-05 08:44:14.187+0000 INFO [o.n.k.i.DiagnosticsManager] unsupported.dbms.edition=community
2018-10-05 08:44:14.187+0000 INFO [o.n.k.i.DiagnosticsManager] dbms.connector.bolt.enabled=true
2018-10-05 08:44:14.187+0000 INFO [o.n.k.i.DiagnosticsManager] dbms.connector.https.enabled=false
2018-10-05 08:44:14.187+0000 INFO [o.n.k.i.DiagnosticsManager] dbms.jvm.additional=-Dunsupported.dbms.udc.source=tarball
2018-10-05 08:44:14.187+0000 INFO [o.n.k.i.DiagnosticsManager] dbms.tx_log.rotation.retention_policy=1 days
2018-10-05 08:44:14.188+0000 INFO [o.n.k.i.DiagnosticsManager] Diagnostics providers:
2018-10-05 08:44:14.188+0000 INFO [o.n.k.i.DiagnosticsManager] org.neo4j.kernel.configuration.Config
2018-10-05 08:44:14.188+0000 INFO [o.n.k.i.DiagnosticsManager] org.neo4j.kernel.info.DiagnosticsManager
2018-10-05 08:44:14.188+0000 INFO [o.n.k.i.DiagnosticsManager] SYSTEM_MEMORY
2018-10-05 08:44:14.188+0000 INFO [o.n.k.i.DiagnosticsManager] JAVA_MEMORY
2018-10-05 08:44:14.189+0000 INFO [o.n.k.i.DiagnosticsManager] OPERATING_SYSTEM
2018-10-05 08:44:14.189+0000 INFO [o.n.k.i.DiagnosticsManager] JAVA_VIRTUAL_MACHINE
2018-10-05 08:44:14.189+0000 INFO [o.n.k.i.DiagnosticsManager] CLASSPATH
2018-10-05 08:44:14.189+0000 INFO [o.n.k.i.DiagnosticsManager] LIBRARY_PATH
2018-10-05 08:44:14.189+0000 INFO [o.n.k.i.DiagnosticsManager] SYSTEM_PROPERTIES
2018-10-05 08:44:14.189+0000 INFO [o.n.k.i.DiagnosticsManager] TIMEZONE_DATABASE
2018-10-05 08:44:14.190+0000 INFO [o.n.k.i.DiagnosticsManager] LINUX_SCHEDULERS
2018-10-05 08:44:14.190+0000 INFO [o.n.k.i.DiagnosticsManager] NETWORK
2018-10-05 08:44:14.190+0000 INFO [o.n.k.i.DiagnosticsManager] System memory information:
2018-10-05 08:44:14.203+0000 INFO [o.n.k.i.DiagnosticsManager] Total Physical memory: 11.63 GB
2018-10-05 08:44:14.203+0000 INFO [o.n.k.i.DiagnosticsManager] Free Physical memory: 3.61 GB
2018-10-05 08:44:14.204+0000 INFO [o.n.k.i.DiagnosticsManager] Committed virtual memory: 5.93 GB
2018-10-05 08:44:14.204+0000 INFO [o.n.k.i.DiagnosticsManager] Total swap space: 7.45 GB
2018-10-05 08:44:14.205+0000 INFO [o.n.k.i.DiagnosticsManager] Free swap space: 7.45 GB
2018-10-05 08:44:14.205+0000 INFO [o.n.k.i.DiagnosticsManager] JVM memory information:
2018-10-05 08:44:14.205+0000 INFO [o.n.k.i.DiagnosticsManager] Free  memory: 127.00 MB
2018-10-05 08:44:14.205+0000 INFO [o.n.k.i.DiagnosticsManager] Total memory: 188.00 MB
2018-10-05 08:44:14.205+0000 INFO [o.n.k.i.DiagnosticsManager] Max   memory: 2.91 GB
2018-10-05 08:44:14.208+0000 INFO [o.n.k.i.DiagnosticsManager] Garbage Collector: G1 Young Generation: [G1 Eden Space, G1 Survivor Space]
2018-10-05 08:44:14.208+0000 INFO [o.n.k.i.DiagnosticsManager] Garbage Collector: G1 Old Generation: [G1 Eden Space, G1 Survivor Space, G1 Old Gen]
2018-10-05 08:44:14.209+0000 INFO [o.n.k.i.DiagnosticsManager] Memory Pool: Code Cache (Non-heap memory): committed=5.56 MB, used=5.54 MB, max=240.00 MB, threshold=0.00 B
2018-10-05 08:44:14.210+0000 INFO [o.n.k.i.DiagnosticsManager] Memory Pool: Metaspace (Non-heap memory): committed=15.13 MB, used=14.21 MB, max=-1.00 B, threshold=0.00 B
2018-10-05 08:44:14.210+0000 INFO [o.n.k.i.DiagnosticsManager] Memory Pool: Compressed Class Space (Non-heap memory): committed=2.13 MB, used=1.87 MB, max=1.00 GB, threshold=0.00 B
2018-10-05 08:44:14.210+0000 INFO [o.n.k.i.DiagnosticsManager] Memory Pool: G1 Eden Space (Heap memory): committed=84.00 MB, used=56.00 MB, max=-1.00 B, threshold=?
2018-10-05 08:44:14.211+0000 INFO [o.n.k.i.DiagnosticsManager] Memory Pool: G1 Survivor Space (Heap memory): committed=3.00 MB, used=3.00 MB, max=-1.00 B, threshold=?
2018-10-05 08:44:14.211+0000 INFO [o.n.k.i.DiagnosticsManager] Memory Pool: G1 Old Gen (Heap memory): committed=101.00 MB, used=1.99 MB, max=2.91 GB, threshold=0.00 B
2018-10-05 08:44:14.216+0000 INFO [o.n.k.i.DiagnosticsManager] Operating system information:
2018-10-05 08:44:14.217+0000 INFO [o.n.k.i.DiagnosticsManager] Operating System: Linux; version: 4.15.0-36-generic; arch: amd64; cpus: 4
2018-10-05 08:44:14.217+0000 INFO [o.n.k.i.DiagnosticsManager] Max number of file descriptors: 4096
2018-10-05 08:44:14.218+0000 INFO [o.n.k.i.DiagnosticsManager] Number of open file descriptors: 113
2018-10-05 08:44:14.218+0000 INFO [o.n.k.i.DiagnosticsManager] Process id: 23431@kamal-HP-ENVY-Sleekbook-4-PC
2018-10-05 08:44:14.219+0000 INFO [o.n.k.i.DiagnosticsManager] Byte order: LITTLE_ENDIAN
2018-10-05 08:44:14.223+0000 INFO [o.n.k.i.DiagnosticsManager] Local timezone: Africa/Nairobi
2018-10-05 08:44:14.223+0000 INFO [o.n.k.i.DiagnosticsManager] JVM information:
2018-10-05 08:44:14.223+0000 INFO [o.n.k.i.DiagnosticsManager] VM Name: Java HotSpot(TM) 64-Bit Server VM
2018-10-05 08:44:14.224+0000 INFO [o.n.k.i.DiagnosticsManager] VM Vendor: Oracle Corporation
2018-10-05 08:44:14.224+0000 INFO [o.n.k.i.DiagnosticsManager] VM Version: 25.181-b13
2018-10-05 08:44:14.224+0000 INFO [o.n.k.i.DiagnosticsManager] JIT compiler: HotSpot 64-Bit Tiered Compilers
2018-10-05 08:44:14.224+0000 INFO [o.n.k.i.DiagnosticsManager] VM Arguments: [-XX:+UseG1GC, -XX:-OmitStackTraceInFastThrow, -XX:+AlwaysPreTouch, -XX:+UnlockExperimentalVMOptions, -XX:+TrustFinalNonStaticFields, -XX:+DisableExplicitGC, -Djdk.tls.ephemeralDHKeySize=2048, -Djdk.tls.rejectClientInitiatedRenegotiation=true, -Dunsupported.dbms.udc.source=tarball, -Dfile.encoding=UTF-8]
2018-10-05 08:44:14.225+0000 INFO [o.n.k.i.DiagnosticsManager] Java classpath:
2018-10-05 08:44:14.227+0000 INFO [o.n.k.i.DiagnosticsManager]  [classpath + loader.0] file:/home/kamal/Sites/RoR/asset_portal/db/neo4j/development/lib/jetty-io-9.4.8.v20171121.jar
2018-10-05 08:44:14.227+0000 INFO [o.n.k.i.DiagnosticsManager]  [classpath + loader.0] file:/home/kamal/Sites/RoR/asset_portal/db/neo4j/development/lib/neo4j-cypher-frontend-3.3-3.3.5.jar
2018-10-05 08:44:14.227+0000 INFO [o.n.k.i.DiagnosticsManager]  [classpath + loader.0] file:/home/kamal/Sites/RoR/asset_portal/db/neo4j/development/lib/neo4j-cypher-planner-spi-3.4-3.4.1.jar
2018-10-05 08:44:14.227+0000 INFO [o.n.k.i.DiagnosticsManager]  [loader.1] file:/home/kamal/.asdf/installs/java/oracle-8.181/jre/lib/ext/jfxrt.jar
2018-10-05 08:44:14.227+0000 INFO [o.n.k.i.DiagnosticsManager]  [bootstrap] /home/kamal/.asdf/installs/java/oracle-8.181/jre/lib/resources.jar
2018-10-05 08:44:14.227+0000 INFO [o.n.k.i.DiagnosticsManager]  [bootstrap] /home/kamal/.asdf/installs/java/oracle-8.181/jre/lib/jsse.jar
2018-10-05 08:44:14.227+0000 INFO [o.n.k.i.DiagnosticsManager]  [classpath + loader.0] file:/home/kamal/Sites/RoR/asset_portal/db/neo4j/development/lib/neo4j-primitive-collections-3.4.1.jar
2018-10-05 08:44:14.228+0000 INFO [o.n.k.i.DiagnosticsManager]  [classpath + loader.0] file:/home/kamal/Sites/RoR/asset_portal/db/neo4j/development/lib/neo4j-cypher-logical-plans-3.4-3.4.1.jar
2018-10-05 08:44:14.228+0000 INFO [o.n.k.i.DiagnosticsManager]  [classpath + loader.0] file:/home/kamal/Sites/RoR/asset_portal/db/neo4j/development/lib/neo4j-common-3.4.1.jar
2018-10-05 08:44:14.228+0000 INFO [o.n.k.i.DiagnosticsManager]  [classpath + loader.0] file:/home/kamal/Sites/RoR/asset_portal/db/neo4j/development/lib/bcpkix-jdk15on-1.59.jar
2018-10-05 08:44:14.228+0000 INFO [o.n.k.i.DiagnosticsManager]  [classpath + loader.0] file:/home/kamal/Sites/RoR/asset_portal/db/neo4j/development/lib/neo4j-command-line-3.4.1.jar
2018-10-05 08:44:14.228+0000 INFO [o.n.k.i.DiagnosticsManager]  [classpath + loader.0] file:/home/kamal/Sites/RoR/asset_portal/db/neo4j/development/lib/jetty-util-9.4.8.v20171121.jar
2018-10-05 08:44:14.228+0000 INFO [o.n.k.i.DiagnosticsManager]  [classpath + loader.0] file:/home/kamal/Sites/RoR/asset_portal/db/neo4j/development/lib/neo4j-cypher-frontend-3.1-3.1.8.jar
2018-10-05 08:44:14.228+0000 INFO [o.n.k.i.DiagnosticsManager]  [classpath + loader.0] file:/home/kamal/Sites/RoR/asset_portal/db/neo4j/development/lib/jersey-server-1.19.3.jar
2018-10-05 08:44:14.228+0000 INFO [o.n.k.i.DiagnosticsManager]  [classpath + loader.0] file:/home/kamal/Sites/RoR/asset_portal/db/neo4j/development/lib/lucene-analyzers-common-5.5.5.jar
2018-10-05 08:44:14.228+0000 INFO [o.n.k.i.DiagnosticsManager]  [classpath + loader.0] file:/home/kamal/Sites/RoR/asset_portal/db/neo4j/development/lib/neo4j-dbms-3.4.1.jar
2018-10-05 08:44:14.228+0000 INFO [o.n.k.i.DiagnosticsManager]  [classpath + loader.0] file:/home/kamal/Sites/RoR/asset_portal/db/neo4j/development/lib/opencsv-2.3.jar
2018-10-05 08:44:14.229+0000 INFO [o.n.k.i.DiagnosticsManager]  [classpath + loader.0] file:/home/kamal/Sites/RoR/asset_portal/db/neo4j/development/lib/neo4j-cypher-3.4.1.jar
2018-10-05 08:44:14.229+0000 INFO [o.n.k.i.DiagnosticsManager]  [classpath + loader.0] file:/home/kamal/Sites/RoR/asset_portal/db/neo4j/development/lib/neo4j-cypher-ir-3.4-3.4.1.jar
2018-10-05 08:44:14.229+0000 INFO [o.n.k.i.DiagnosticsManager]  [classpath + loader.0] file:/home/kamal/Sites/RoR/asset_portal/db/neo4j/development/lib/netty-all-4.1.24.Final.jar
2018-10-05 08:44:14.229+0000 INFO [o.n.k.i.DiagnosticsManager]  [bootstrap] /home/kamal/.asdf/installs/java/oracle-8.181/jre/lib/rt.jar
2018-10-05 08:44:14.229+0000 INFO [o.n.k.i.DiagnosticsManager]  [classpath + loader.0] file:/home/kamal/Sites/RoR/asset_portal/db/neo4j/development/lib/neo4j-csv-3.4.1.jar
2018-10-05 08:44:14.229+0000 INFO [o.n.k.i.DiagnosticsManager]  [loader.1] file:/home/kamal/.asdf/installs/java/oracle-8.181/jre/lib/ext/cldrdata.jar
2018-10-05 08:44:14.229+0000 INFO [o.n.k.i.DiagnosticsManager]  [classpath + loader.0] file:/home/kamal/Sites/RoR/asset_portal/db/neo4j/development/lib/neo4j-security-3.4.1.jar
2018-10-05 08:44:14.229+0000 INFO [o.n.k.i.DiagnosticsManager]  [classpath + loader.0] file:/home/kamal/Sites/RoR/asset_portal/db/neo4j/development/lib/commons-configuration-1.10.jar
2018-10-05 08:44:14.229+0000 INFO [o.n.k.i.DiagnosticsManager]  [bootstrap] /home/kamal/.asdf/installs/java/oracle-8.181/jre/classes
2018-10-05 08:44:14.229+0000 INFO [o.n.k.i.DiagnosticsManager]  [classpath + loader.0] file:/home/kamal/Sites/RoR/asset_portal/db/neo4j/development/lib/scala-reflect-2.11.12.jar
2018-10-05 08:44:14.230+0000 INFO [o.n.k.i.DiagnosticsManager]  [classpath + loader.0] file:/home/kamal/Sites/RoR/asset_portal/db/neo4j/development/lib/neo4j-consistency-check-3.4.1.jar
2018-10-05 08:44:14.230+0000 INFO [o.n.k.i.DiagnosticsManager]  [classpath + loader.0] file:/home/kamal/Sites/RoR/asset_portal/db/neo4j/development/lib/jackson-core-asl-1.9.13.jar
2018-10-05 08:44:14.230+0000 INFO [o.n.k.i.DiagnosticsManager]  [classpath + loader.0] file:/home/kamal/Sites/RoR/asset_portal/db/neo4j/development/lib/neo4j-procedure-api-3.4.1.jar
2018-10-05 08:44:14.230+0000 INFO [o.n.k.i.DiagnosticsManager]  [classpath + loader.0] file:/home/kamal/Sites/RoR/asset_portal/db/neo4j/development/lib/neo4j-cypher-ir-3.3-3.3.5.jar
2018-10-05 08:44:14.230+0000 INFO [o.n.k.i.DiagnosticsManager]  [classpath + loader.0] file:/home/kamal/Sites/RoR/asset_portal/db/neo4j/development/lib/neo4j-configuration-3.4.1.jar
2018-10-05 08:44:14.230+0000 INFO [o.n.k.i.DiagnosticsManager]  [classpath + loader.0] file:/home/kamal/Sites/RoR/asset_portal/db/neo4j/development/lib/neo4j-shell-3.4.1.jar
2018-10-05 08:44:14.230+0000 INFO [o.n.k.i.DiagnosticsManager]  [classpath + loader.0] file:/home/kamal/Sites/RoR/asset_portal/db/neo4j/development/lib/neo4j-cypher-runtime-util-3.4.1.jar
2018-10-05 08:44:14.230+0000 INFO [o.n.k.i.DiagnosticsManager]  [classpath + loader.0] file:/home/kamal/Sites/RoR/asset_portal/db/neo4j/development/lib/neo4j-jmx-3.4.1.jar
2018-10-05 08:44:14.230+0000 INFO [o.n.k.i.DiagnosticsManager]  [classpath + loader.0] file:/home/kamal/Sites/RoR/asset_portal/db/neo4j/development/lib/server-api-3.4.1.jar
2018-10-05 08:44:14.230+0000 INFO [o.n.k.i.DiagnosticsManager]  [classpath + loader.0] file:/home/kamal/Sites/RoR/asset_portal/db/neo4j/development/lib/neo4j-cypher-util-3.4-3.4.1.jar
2018-10-05 08:44:14.230+0000 INFO [o.n.k.i.DiagnosticsManager]  [classpath + loader.0] file:/home/kamal/Sites/RoR/asset_portal/db/neo4j/development/lib/lucene-codecs-5.5.5.jar
2018-10-05 08:44:14.230+0000 INFO [o.n.k.i.DiagnosticsManager]  [classpath + loader.0] file:/home/kamal/Sites/RoR/asset_portal/db/neo4j/development/lib/caffeine-2.6.2.jar
2018-10-05 08:44:14.231+0000 INFO [o.n.k.i.DiagnosticsManager]  [bootstrap] /home/kamal/.asdf/installs/java/oracle-8.181/jre/lib/jce.jar
2018-10-05 08:44:14.231+0000 INFO [o.n.k.i.DiagnosticsManager]  [classpath + loader.0] file:/home/kamal/Sites/RoR/asset_portal/db/neo4j/development/lib/lucene-queryparser-5.5.5.jar
2018-10-05 08:44:14.231+0000 INFO [o.n.k.i.DiagnosticsManager]  [classpath + loader.0] file:/home/kamal/Sites/RoR/asset_portal/db/neo4j/development/lib/neo4j-cypher-compiler-2.3-2.3.12.jar
2018-10-05 08:44:14.231+0000 INFO [o.n.k.i.DiagnosticsManager]  [classpath + loader.0] file:/home/kamal/Sites/RoR/asset_portal/db/neo4j/development/lib/javax.servlet-api-3.1.0.jar
2018-10-05 08:44:14.231+0000 INFO [o.n.k.i.DiagnosticsManager]  [classpath + loader.0] file:/home/kamal/Sites/RoR/asset_portal/db/neo4j/development/lib/parboiled-core-1.1.7.jar
2018-10-05 08:44:14.231+0000 INFO [o.n.k.i.DiagnosticsManager]  [classpath + loader.0] file:/home/kamal/Sites/RoR/asset_portal/db/neo4j/development/lib/neo4j-values-3.4.1.jar
2018-10-05 08:44:14.231+0000 INFO [o.n.k.i.DiagnosticsManager]  [classpath + loader.0] file:/home/kamal/Sites/RoR/asset_portal/db/neo4j/development/lib/rhino-1.7.9.jar
2018-10-05 08:44:14.231+0000 INFO [o.n.k.i.DiagnosticsManager]  [classpath + loader.0] file:/home/kamal/Sites/RoR/asset_portal/db/neo4j/development/lib/commons-lang-2.6.jar
2018-10-05 08:44:14.231+0000 INFO [o.n.k.i.DiagnosticsManager]  [classpath + loader.0] file:/home/kamal/Sites/RoR/asset_portal/db/neo4j/development/lib/commons-text-1.3.jar
2018-10-05 08:44:14.231+0000 INFO [o.n.k.i.DiagnosticsManager]  [classpath + loader.0] file:/home/kamal/Sites/RoR/asset_portal/db/neo4j/development/lib/jackson-jaxrs-1.9.13.jar
2018-10-05 08:44:14.231+0000 INFO [o.n.k.i.DiagnosticsManager]  [classpath + loader.0] file:/home/kamal/Sites/RoR/asset_portal/db/neo4j/development/lib/neo4j-codegen-3.4.1.jar
2018-10-05 08:44:14.231+0000 INFO [o.n.k.i.DiagnosticsManager]  [classpath + loader.0] file:/home/kamal/Sites/RoR/asset_portal/db/neo4j/development/lib/neo4j-cypher-interpreted-runtime-3.4.1.jar
2018-10-05 08:44:14.231+0000 INFO [o.n.k.i.DiagnosticsManager]  [classpath + loader.0] file:/home/kamal/Sites/RoR/asset_portal/db/neo4j/development/lib/jetty-webapp-9.4.8.v20171121.jar
2018-10-05 08:44:14.231+0000 INFO [o.n.k.i.DiagnosticsManager]  [classpath + loader.0] file:/home/kamal/Sites/RoR/asset_portal/db/neo4j/development/lib/objenesis-2.6.jar
2018-10-05 08:44:14.232+0000 INFO [o.n.k.i.DiagnosticsManager]  [bootstrap] /home/kamal/.asdf/installs/java/oracle-8.181/jre/lib/charsets.jar
2018-10-05 08:44:14.232+0000 INFO [o.n.k.i.DiagnosticsManager]  [classpath + loader.0] file:/home/kamal/Sites/RoR/asset_portal/db/neo4j/development/lib/neo4j-unsafe-3.4.1.jar
2018-10-05 08:44:14.232+0000 INFO [o.n.k.i.DiagnosticsManager]  [classpath + loader.0] file:/home/kamal/Sites/RoR/asset_portal/db/neo4j/development/lib/commons-io-2.6.jar
2018-10-05 08:44:14.232+0000 INFO [o.n.k.i.DiagnosticsManager]  [classpath + loader.0] file:/home/kamal/Sites/RoR/asset_portal/db/neo4j/development/lib/concurrentlinkedhashmap-lru-1.4.2.jar
2018-10-05 08:44:14.232+0000 INFO [o.n.k.i.DiagnosticsManager]  [classpath + loader.0] file:/home/kamal/Sites/RoR/asset_portal/db/neo4j/development/lib/jersey-core-1.19.3.jar
2018-10-05 08:44:14.232+0000 INFO [o.n.k.i.DiagnosticsManager]  [classpath + loader.0] file:/home/kamal/Sites/RoR/asset_portal/db/neo4j/development/lib/bcprov-jdk15on-1.59.jar
2018-10-05 08:44:14.232+0000 INFO [o.n.k.i.DiagnosticsManager]  [classpath + loader.0] file:/home/kamal/Sites/RoR/asset_portal/db/neo4j/development/lib/neo4j-cypher-logical-plans-3.3-3.3.5.jar
2018-10-05 08:44:14.232+0000 INFO [o.n.k.i.DiagnosticsManager]  [classpath + loader.0] file:/home/kamal/Sites/RoR/asset_portal/db/neo4j/development/lib/lucene-core-5.5.5.jar
2018-10-05 08:44:14.232+0000 INFO [o.n.k.i.DiagnosticsManager]  [classpath + loader.0] file:/home/kamal/Sites/RoR/asset_portal/db/neo4j/development/lib/neo4j-udc-3.4.1.jar
2018-10-05 08:44:14.232+0000 INFO [o.n.k.i.DiagnosticsManager]  [classpath + loader.0] file:/home/kamal/Sites/RoR/asset_portal/db/neo4j/development/lib/jProcesses-1.6.4.jar
2018-10-05 08:44:14.233+0000 INFO [o.n.k.i.DiagnosticsManager]  [classpath + loader.0] file:/home/kamal/Sites/RoR/asset_portal/db/neo4j/development/lib/jetty-security-9.4.8.v20171121.jar
2018-10-05 08:44:14.233+0000 INFO [o.n.k.i.DiagnosticsManager]  [classpath + loader.0] file:/home/kamal/Sites/RoR/asset_portal/db/neo4j/development/lib/jetty-server-9.4.8.v20171121.jar
2018-10-05 08:44:14.233+0000 INFO [o.n.k.i.DiagnosticsManager]  [classpath + loader.0] file:/home/kamal/Sites/RoR/asset_portal/db/neo4j/development/lib/neo4j-cypher-expression-3.4-3.4.1.jar
2018-10-05 08:44:14.233+0000 INFO [o.n.k.i.DiagnosticsManager]  [classpath + loader.0] file:/home/kamal/Sites/RoR/asset_portal/db/neo4j/development/lib/neo4j-collections-3.4.1.jar
2018-10-05 08:44:14.233+0000 INFO [o.n.k.i.DiagnosticsManager]  [classpath + loader.0] file:/home/kamal/Sites/RoR/asset_portal/db/neo4j/development/lib/neo4j-browser-3.1.14.jar
2018-10-05 08:44:14.233+0000 INFO [o.n.k.i.DiagnosticsManager]  [loader.1] file:/home/kamal/.asdf/installs/java/oracle-8.181/jre/lib/ext/dnsns.jar
2018-10-05 08:44:14.233+0000 INFO [o.n.k.i.DiagnosticsManager]  [classpath + loader.0] file:/home/kamal/Sites/RoR/asset_portal/db/neo4j/development/lib/neo4j-ssl-3.4.1.jar
2018-10-05 08:44:14.233+0000 INFO [o.n.k.i.DiagnosticsManager]  [classpath + loader.0] file:/home/kamal/Sites/RoR/asset_portal/db/neo4j/development/lib/neo4j-lucene-index-3.4.1.jar
2018-10-05 08:44:14.233+0000 INFO [o.n.k.i.DiagnosticsManager]  [classpath + loader.0] file:/home/kamal/Sites/RoR/asset_portal/db/neo4j/development/lib/jersey-servlet-1.19.3.jar
2018-10-05 08:44:14.233+0000 INFO [o.n.k.i.DiagnosticsManager]  [classpath + loader.0] file:/home/kamal/Sites/RoR/asset_portal/db/neo4j/development/plugins/
2018-10-05 08:44:14.234+0000 INFO [o.n.k.i.DiagnosticsManager]  [loader.1] file:/home/kamal/.asdf/installs/java/oracle-8.181/jre/lib/ext/sunec.jar
2018-10-05 08:44:14.234+0000 INFO [o.n.k.i.DiagnosticsManager]  [classpath + loader.0] file:/home/kamal/Sites/RoR/asset_portal/db/neo4j/development/lib/jPowerShell-1.9.jar
2018-10-05 08:44:14.234+0000 INFO [o.n.k.i.DiagnosticsManager]  [classpath + loader.0] file:/home/kamal/Sites/RoR/asset_portal/db/neo4j/development/lib/neo4j-graph-matching-3.1.6.jar
2018-10-05 08:44:14.234+0000 INFO [o.n.k.i.DiagnosticsManager]  [classpath + loader.0] file:/home/kamal/Sites/RoR/asset_portal/db/neo4j/development/lib/jline-2.12.jar
2018-10-05 08:44:14.234+0000 INFO [o.n.k.i.DiagnosticsManager]  [classpath + loader.0] file:/home/kamal/Sites/RoR/asset_portal/db/neo4j/development/lib/neo4j-cypher-frontend-2.3-2.3.12.jar
2018-10-05 08:44:14.234+0000 INFO [o.n.k.i.DiagnosticsManager]  [classpath + loader.0] file:/home/kamal/Sites/RoR/asset_portal/db/neo4j/development/lib/WMI4Java-1.6.1.jar
2018-10-05 08:44:14.234+0000 INFO [o.n.k.i.DiagnosticsManager]  [classpath + loader.0] file:/home/kamal/Sites/RoR/asset_portal/db/neo4j/development/lib/commons-compress-1.16.1.jar
2018-10-05 08:44:14.234+0000 INFO [o.n.k.i.DiagnosticsManager]  [classpath + loader.0] file:/home/kamal/Sites/RoR/asset_portal/db/neo4j/development/lib/neo4j-index-3.4.1.jar
2018-10-05 08:44:14.234+0000 INFO [o.n.k.i.DiagnosticsManager]  [classpath + loader.0] file:/home/kamal/Sites/RoR/asset_portal/db/neo4j/development/conf/
2018-10-05 08:44:14.234+0000 INFO [o.n.k.i.DiagnosticsManager]  [classpath + loader.0] file:/home/kamal/Sites/RoR/asset_portal/db/neo4j/development/lib/neo4j-kernel-3.4.1.jar
2018-10-05 08:44:14.235+0000 INFO [o.n.k.i.DiagnosticsManager]  [loader.1] file:/home/kamal/.asdf/installs/java/oracle-8.181/jre/lib/ext/jaccess.jar
2018-10-05 08:44:14.235+0000 INFO [o.n.k.i.DiagnosticsManager]  [loader.1] file:/home/kamal/.asdf/installs/java/oracle-8.181/jre/lib/ext/zipfs.jar
2018-10-05 08:44:14.235+0000 INFO [o.n.k.i.DiagnosticsManager]  [classpath + loader.0] file:/home/kamal/Sites/RoR/asset_portal/db/neo4j/development/lib/openCypher-frontend-1-3.4.1.jar
2018-10-05 08:44:14.235+0000 INFO [o.n.k.i.DiagnosticsManager]  [classpath + loader.0] file:/home/kamal/Sites/RoR/asset_portal/db/neo4j/development/lib/jetty-http-9.4.8.v20171121.jar
2018-10-05 08:44:14.235+0000 INFO [o.n.k.i.DiagnosticsManager]  [bootstrap] /home/kamal/.asdf/installs/java/oracle-8.181/jre/lib/sunrsasign.jar
2018-10-05 08:44:14.235+0000 INFO [o.n.k.i.DiagnosticsManager]  [classpath + loader.0] file:/home/kamal/Sites/RoR/asset_portal/db/neo4j/development/lib/jetty-xml-9.4.8.v20171121.jar
2018-10-05 08:44:14.235+0000 INFO [o.n.k.i.DiagnosticsManager]  [loader.1] file:/home/kamal/.asdf/installs/java/oracle-8.181/jre/lib/ext/nashorn.jar
2018-10-05 08:44:14.235+0000 INFO [o.n.k.i.DiagnosticsManager]  [classpath + loader.0] file:/home/kamal/Sites/RoR/asset_portal/db/neo4j/development/lib/neo4j-logging-3.4.1.jar
2018-10-05 08:44:14.235+0000 INFO [o.n.k.i.DiagnosticsManager]  [classpath + loader.0] file:/home/kamal/Sites/RoR/asset_portal/db/neo4j/development/lib/neo4j-import-tool-3.4.1.jar
2018-10-05 08:44:14.235+0000 INFO [o.n.k.i.DiagnosticsManager]  [classpath + loader.0] file:/home/kamal/Sites/RoR/asset_portal/db/neo4j/development/lib/neo4j-spatial-index-3.4.1.jar
2018-10-05 08:44:14.236+0000 INFO [o.n.k.i.DiagnosticsManager]  [classpath + loader.0] file:/home/kamal/Sites/RoR/asset_portal/db/neo4j/development/lib/parboiled-scala_2.11-1.1.7.jar
2018-10-05 08:44:14.236+0000 INFO [o.n.k.i.DiagnosticsManager]  [classpath + loader.0] file:/home/kamal/Sites/RoR/asset_portal/db/neo4j/development/lib/neo4j-server-3.4.1.jar
2018-10-05 08:44:14.236+0000 INFO [o.n.k.i.DiagnosticsManager]  [classpath + loader.0] file:/home/kamal/Sites/RoR/asset_portal/db/neo4j/development/lib/neo4j-io-3.4.1.jar
2018-10-05 08:44:14.236+0000 INFO [o.n.k.i.DiagnosticsManager]  [classpath + loader.0] file:/home/kamal/Sites/RoR/asset_portal/db/neo4j/development/lib/commons-logging-1.1.1.jar
2018-10-05 08:44:14.236+0000 INFO [o.n.k.i.DiagnosticsManager]  [classpath + loader.0] file:/home/kamal/Sites/RoR/asset_portal/db/neo4j/development/plugins/*
2018-10-05 08:44:14.236+0000 INFO [o.n.k.i.DiagnosticsManager]  [classpath + loader.0] file:/home/kamal/Sites/RoR/asset_portal/db/neo4j/development/lib/jackson-mapper-asl-1.9.13.jar
2018-10-05 08:44:14.236+0000 INFO [o.n.k.i.DiagnosticsManager]  [classpath + loader.0] file:/home/kamal/Sites/RoR/asset_portal/db/neo4j/development/lib/neo4j-cypher-compiler-3.1-3.1.8.jar
2018-10-05 08:44:14.236+0000 INFO [o.n.k.i.DiagnosticsManager]  [bootstrap] /home/kamal/.asdf/installs/java/oracle-8.181/jre/lib/jfr.jar
2018-10-05 08:44:14.237+0000 INFO [o.n.k.i.DiagnosticsManager]  [classpath + loader.0] file:/home/kamal/Sites/RoR/asset_portal/db/neo4j/development/lib/neo4j-kernel-api-3.4.1.jar
2018-10-05 08:44:14.237+0000 INFO [o.n.k.i.DiagnosticsManager]  [classpath + loader.0] file:/home/kamal/Sites/RoR/asset_portal/db/neo4j/development/lib/neo4j-graphdb-api-3.4.1.jar
2018-10-05 08:44:14.237+0000 INFO [o.n.k.i.DiagnosticsManager]  [classpath + loader.0] file:/home/kamal/Sites/RoR/asset_portal/db/neo4j/development/lib/neo4j-cypher-compiler-3.3-3.3.5.jar
2018-10-05 08:44:14.237+0000 INFO [o.n.k.i.DiagnosticsManager]  [classpath + loader.0] file:/home/kamal/Sites/RoR/asset_portal/db/neo4j/development/lib/neo4j-cypher-planner-3.4-3.4.1.jar
2018-10-05 08:44:14.237+0000 INFO [o.n.k.i.DiagnosticsManager]  [classpath + loader.0] file:/home/kamal/Sites/RoR/asset_portal/db/neo4j/development/lib/scala-library-2.11.12.jar
2018-10-05 08:44:14.237+0000 INFO [o.n.k.i.DiagnosticsManager]  [classpath + loader.0] file:/home/kamal/Sites/RoR/asset_portal/db/neo4j/development/lib/neo4j-lucene-upgrade-3.4.1.jar
2018-10-05 08:44:14.237+0000 INFO [o.n.k.i.DiagnosticsManager]  [classpath + loader.0] file:/home/kamal/Sites/RoR/asset_portal/db/neo4j/development/lib/neo4j-graph-algo-3.4.1.jar
2018-10-05 08:44:14.237+0000 INFO [o.n.k.i.DiagnosticsManager]  [classpath + loader.0] file:/home/kamal/Sites/RoR/asset_portal/db/neo4j/development/lib/neo4j-resource-3.4.1.jar
2018-10-05 08:44:14.238+0000 INFO [o.n.k.i.DiagnosticsManager]  [classpath + loader.0] file:/home/kamal/Sites/RoR/asset_portal/db/neo4j/development/lib/commons-lang3-3.7.jar
2018-10-05 08:44:14.238+0000 INFO [o.n.k.i.DiagnosticsManager]  [classpath + loader.0] file:/home/kamal/Sites/RoR/asset_portal/db/neo4j/development/lib/jsr311-api-1.1.2.r612.jar
2018-10-05 08:44:14.238+0000 INFO [o.n.k.i.DiagnosticsManager]  [classpath + loader.0] file:/home/kamal/Sites/RoR/asset_portal/db/neo4j/development/lib/neo4j-bolt-3.4.1.jar
2018-10-05 08:44:14.238+0000 INFO [o.n.k.i.DiagnosticsManager]  [loader.1] file:/home/kamal/.asdf/installs/java/oracle-8.181/jre/lib/ext/sunpkcs11.jar
2018-10-05 08:44:14.238+0000 INFO [o.n.k.i.DiagnosticsManager]  [loader.1] file:/home/kamal/.asdf/installs/java/oracle-8.181/jre/lib/ext/localedata.jar
2018-10-05 08:44:14.238+0000 INFO [o.n.k.i.DiagnosticsManager]  [classpath + loader.0] file:/home/kamal/Sites/RoR/asset_portal/db/neo4j/development/lib/jetty-servlet-9.4.8.v20171121.jar
2018-10-05 08:44:14.238+0000 INFO [o.n.k.i.DiagnosticsManager]  [loader.1] file:/home/kamal/.asdf/installs/java/oracle-8.181/jre/lib/ext/sunjce_provider.jar
2018-10-05 08:44:14.238+0000 INFO [o.n.k.i.DiagnosticsManager] Library path:
2018-10-05 08:44:14.239+0000 INFO [o.n.k.i.DiagnosticsManager] /usr/java/packages/lib/amd64
2018-10-05 08:44:14.239+0000 INFO [o.n.k.i.DiagnosticsManager] /usr/lib64
2018-10-05 08:44:14.239+0000 INFO [o.n.k.i.DiagnosticsManager] /lib64
2018-10-05 08:44:14.239+0000 INFO [o.n.k.i.DiagnosticsManager] /lib
2018-10-05 08:44:14.239+0000 INFO [o.n.k.i.DiagnosticsManager] /usr/lib
2018-10-05 08:44:14.239+0000 INFO [o.n.k.i.DiagnosticsManager] System.properties:
2018-10-05 08:44:14.240+0000 INFO [o.n.k.i.DiagnosticsManager] sun.boot.library.path = /home/kamal/.asdf/installs/java/oracle-8.181/jre/lib/amd64
2018-10-05 08:44:14.240+0000 INFO [o.n.k.i.DiagnosticsManager] jdk.tls.rejectClientInitiatedRenegotiation = true
2018-10-05 08:44:14.240+0000 INFO [o.n.k.i.DiagnosticsManager] path.separator = :
2018-10-05 08:44:14.240+0000 INFO [o.n.k.i.DiagnosticsManager] file.encoding.pkg = sun.io
2018-10-05 08:44:14.240+0000 INFO [o.n.k.i.DiagnosticsManager] user.country = US
2018-10-05 08:44:14.241+0000 INFO [o.n.k.i.DiagnosticsManager] sun.java.launcher = SUN_STANDARD
2018-10-05 08:44:14.241+0000 INFO [o.n.k.i.DiagnosticsManager] sun.os.patch.level = unknown
2018-10-05 08:44:14.241+0000 INFO [o.n.k.i.DiagnosticsManager] user.dir = /home/kamal/Sites/RoR/asset_portal
2018-10-05 08:44:14.241+0000 INFO [o.n.k.i.DiagnosticsManager] sun.jnu.encoding = UTF-8
2018-10-05 08:44:14.241+0000 INFO [o.n.k.i.DiagnosticsManager] unsupported.dbms.udc.source = tarball
2018-10-05 08:44:14.241+0000 INFO [o.n.k.i.DiagnosticsManager] sun.management.compiler = HotSpot 64-Bit Tiered Compilers
2018-10-05 08:44:14.241+0000 INFO [o.n.k.i.DiagnosticsManager] user.home = /home/kamal
2018-10-05 08:44:14.241+0000 INFO [o.n.k.i.DiagnosticsManager] user.timezone = Africa/Nairobi
2018-10-05 08:44:14.241+0000 INFO [o.n.k.i.DiagnosticsManager] file.encoding = UTF-8
2018-10-05 08:44:14.241+0000 INFO [o.n.k.i.DiagnosticsManager] user.name = kamal
2018-10-05 08:44:14.242+0000 INFO [o.n.k.i.DiagnosticsManager] sun.java.command = org.neo4j.server.CommunityEntryPoint --home-dir=/home/kamal/Sites/RoR/asset_portal/db/neo4j/development --config-dir=/home/kamal/Sites/RoR/asset_portal/db/neo4j/development/conf
2018-10-05 08:44:14.242+0000 INFO [o.n.k.i.DiagnosticsManager] sun.arch.data.model = 64
2018-10-05 08:44:14.242+0000 INFO [o.n.k.i.DiagnosticsManager] user.language = en
2018-10-05 08:44:14.242+0000 INFO [o.n.k.i.DiagnosticsManager] awt.toolkit = sun.awt.X11.XToolkit
2018-10-05 08:44:14.242+0000 INFO [o.n.k.i.DiagnosticsManager] jdk.tls.ephemeralDHKeySize = 2048
2018-10-05 08:44:14.242+0000 INFO [o.n.k.i.DiagnosticsManager] file.separator = /
2018-10-05 08:44:14.242+0000 INFO [o.n.k.i.DiagnosticsManager] sun.io.unicode.encoding = UnicodeLittle
2018-10-05 08:44:14.242+0000 INFO [o.n.k.i.DiagnosticsManager] sun.cpu.endian = little
2018-10-05 08:44:14.242+0000 INFO [o.n.k.i.DiagnosticsManager] sun.desktop = gnome
2018-10-05 08:44:14.242+0000 INFO [o.n.k.i.DiagnosticsManager] sun.cpu.isalist = 
2018-10-05 08:44:14.243+0000 INFO [o.n.k.i.DiagnosticsManager] (IANA) TimeZone Database Version:
2018-10-05 08:44:14.305+0000 INFO [o.n.k.i.DiagnosticsManager]   TimeZone version: 2018e (available for 599 zone identifiers)
2018-10-05 08:44:14.305+0000 INFO [o.n.k.i.DiagnosticsManager] Linux scheduler information:
2018-10-05 08:44:14.315+0000 INFO [o.n.k.i.DiagnosticsManager] [none] 
2018-10-05 08:44:14.316+0000 INFO [o.n.k.i.DiagnosticsManager] [none] 
2018-10-05 08:44:14.317+0000 INFO [o.n.k.i.DiagnosticsManager] [none] 
2018-10-05 08:44:14.317+0000 INFO [o.n.k.i.DiagnosticsManager] [none] 
2018-10-05 08:44:14.318+0000 INFO [o.n.k.i.DiagnosticsManager] noop deadline [cfq] 
2018-10-05 08:44:14.318+0000 INFO [o.n.k.i.DiagnosticsManager] [none] 
2018-10-05 08:44:14.318+0000 INFO [o.n.k.i.DiagnosticsManager] [none] 
2018-10-05 08:44:14.319+0000 INFO [o.n.k.i.DiagnosticsManager] [none] 
2018-10-05 08:44:14.319+0000 INFO [o.n.k.i.DiagnosticsManager] [none] 
2018-10-05 08:44:14.320+0000 INFO [o.n.k.i.DiagnosticsManager] [none] 
2018-10-05 08:44:14.320+0000 INFO [o.n.k.i.DiagnosticsManager] [none] 
2018-10-05 08:44:14.345+0000 INFO [o.n.k.i.DiagnosticsManager] [none] 
2018-10-05 08:44:14.345+0000 INFO [o.n.k.i.DiagnosticsManager] [none] 
2018-10-05 08:44:14.346+0000 INFO [o.n.k.i.DiagnosticsManager] [none] 
2018-10-05 08:44:14.346+0000 INFO [o.n.k.i.DiagnosticsManager] [none] 
2018-10-05 08:44:14.346+0000 INFO [o.n.k.i.DiagnosticsManager] [none] 
2018-10-05 08:44:14.347+0000 INFO [o.n.k.i.DiagnosticsManager] [none] 
2018-10-05 08:44:14.347+0000 INFO [o.n.k.i.DiagnosticsManager] noop deadline [cfq] 
2018-10-05 08:44:14.347+0000 INFO [o.n.k.i.DiagnosticsManager] [none] 
2018-10-05 08:44:14.348+0000 INFO [o.n.k.i.DiagnosticsManager] [none] 
2018-10-05 08:44:14.348+0000 INFO [o.n.k.i.DiagnosticsManager] [none] 
2018-10-05 08:44:14.349+0000 INFO [o.n.k.i.DiagnosticsManager] noop deadline [cfq] 
2018-10-05 08:44:14.349+0000 INFO [o.n.k.i.DiagnosticsManager] [none] 
2018-10-05 08:44:14.350+0000 INFO [o.n.k.i.DiagnosticsManager] [none] 
2018-10-05 08:44:14.350+0000 INFO [o.n.k.i.DiagnosticsManager] Network information:
2018-10-05 08:44:14.351+0000 INFO [o.n.k.i.DiagnosticsManager] Interface br-db9b4d5eb51b:
2018-10-05 08:44:14.352+0000 INFO [o.n.k.i.DiagnosticsManager]     address: 172.21.0.1
2018-10-05 08:44:14.352+0000 INFO [o.n.k.i.DiagnosticsManager] Interface docker0:
2018-10-05 08:44:14.352+0000 INFO [o.n.k.i.DiagnosticsManager]     address: fe80:0:0:0:42:8cff:fe33:9ebd%docker0
2018-10-05 08:44:14.352+0000 INFO [o.n.k.i.DiagnosticsManager]     address: 172.17.0.1
2018-10-05 08:44:14.352+0000 INFO [o.n.k.i.DiagnosticsManager] Interface wlo1:
2018-10-05 08:44:14.353+0000 INFO [o.n.k.i.DiagnosticsManager]     address: fe80:0:0:0:7543:e4a5:8882:542e%wlo1
2018-10-05 08:44:14.353+0000 INFO [o.n.k.i.DiagnosticsManager]     address: 192.168.0.106
2018-10-05 08:44:14.353+0000 INFO [o.n.k.i.DiagnosticsManager] Interface lo:
2018-10-05 08:44:14.353+0000 INFO [o.n.k.i.DiagnosticsManager]     address: 0:0:0:0:0:0:0:1%lo
2018-10-05 08:44:14.353+0000 INFO [o.n.k.i.DiagnosticsManager]     address: 127.0.0.1
2018-10-05 08:44:14.353+0000 INFO [o.n.k.i.DiagnosticsManager] --- INITIALIZED diagnostics END ---
2018-10-05 08:44:15.352+0000 INFO [o.n.b.BoltKernelExtension] Bolt Server extension loaded.
2018-10-05 08:44:15.617+0000 INFO [o.n.k.i.s.f.RecordFormatSelector] Selected format 'RecordFormat:StandardV3_4[v0.A.9]' for the new store
2018-10-05 08:44:17.105+0000 INFO [o.n.k.i.i.l.NativeLabelScanStore] No scan store found, this might just be first use. Preparing to rebuild.
2018-10-05 08:44:17.213+0000 INFO [o.n.k.NeoStoreDataSource] Rotated to transaction log [/home/kamal/Sites/RoR/asset_portal/db/neo4j/development/data/databases/graph.db/neostore.transaction.db.0] version=0, last transaction in previous log=1
2018-10-05 08:44:17.214+0000 INFO [o.n.k.NeoStoreDataSource] No commits found after last check point (which is at <no log position given>)
2018-10-05 08:44:17.224+0000 WARN [o.n.k.i.s.MetaDataStore] Missing counts store, rebuilding it.
2018-10-05 08:44:17.305+0000 WARN [o.n.k.i.s.MetaDataStore] Counts store rebuild completed.
2018-10-05 08:44:17.337+0000 INFO [o.n.k.i.i.l.NativeLabelScanStore] Rebuilding scan store, this may take a while
2018-10-05 08:44:17.366+0000 INFO [o.n.k.i.i.l.NativeLabelScanStore] Scan store rebuilt (roughly 0 nodes)
2018-10-05 08:44:17.393+0000 INFO [o.n.k.i.DatabaseHealth] Database health set to OK
2018-10-05 08:44:17.918+0000 INFO [o.n.b.BoltKernelExtension] Bolt enabled on localhost:7472.
2018-10-05 08:44:17.936+0000 INFO [o.n.k.AvailabilityGuard] Fulfilling of requirement makes database available: Database available
2018-10-05 08:44:17.937+0000 INFO [o.n.k.i.f.GraphDatabaseFacadeFactory] Database is now ready
2018-10-05 08:44:17.939+0000 INFO [o.n.k.i.DiagnosticsManager] --- STARTED diagnostics for KernelDiagnostics:Versions START ---
2018-10-05 08:44:17.940+0000 INFO [o.n.k.i.DiagnosticsManager] Graph Database: community single StoreId{creationTime=1538729056883, randomId=7619559967301096301, storeVersion=16094931155187206, upgradeTime=1538729056883, upgradeId=1}
2018-10-05 08:44:17.940+0000 INFO [o.n.k.i.DiagnosticsManager] Kernel version: 3.4.1,bf2fd1991decc5b49b63105e793230f19ccf6f15
2018-10-05 08:44:17.940+0000 INFO [o.n.k.i.DiagnosticsManager] --- STARTED diagnostics for KernelDiagnostics:Versions END ---
2018-10-05 08:44:17.943+0000 INFO [o.n.k.i.DiagnosticsManager] --- STARTED diagnostics for NEO_STORE_VERSIONS START ---
2018-10-05 08:44:17.943+0000 INFO [o.n.k.i.DiagnosticsManager] Store versions:
2018-10-05 08:44:17.944+0000 INFO [o.n.k.i.DiagnosticsManager] Store versions:
2018-10-05 08:44:17.945+0000 INFO [o.n.k.i.DiagnosticsManager]   ArrayPropertyStore v0.A.9
2018-10-05 08:44:17.946+0000 INFO [o.n.k.i.DiagnosticsManager]   NodeStore v0.A.9
2018-10-05 08:44:17.946+0000 INFO [o.n.k.i.DiagnosticsManager]   StringPropertyStore v0.A.9
2018-10-05 08:44:17.946+0000 INFO [o.n.k.i.DiagnosticsManager]   PropertyIndexStore v0.A.9
2018-10-05 08:44:17.946+0000 INFO [o.n.k.i.DiagnosticsManager]   StringPropertyStore v0.A.9
2018-10-05 08:44:17.946+0000 INFO [o.n.k.i.DiagnosticsManager]   ArrayPropertyStore v0.A.9
2018-10-05 08:44:17.946+0000 INFO [o.n.k.i.DiagnosticsManager]   PropertyStore v0.A.9
2018-10-05 08:44:17.946+0000 INFO [o.n.k.i.DiagnosticsManager]   RelationshipStore v0.A.9
2018-10-05 08:44:17.947+0000 INFO [o.n.k.i.DiagnosticsManager]   StringPropertyStore v0.A.9
2018-10-05 08:44:17.947+0000 INFO [o.n.k.i.DiagnosticsManager]   RelationshipTypeStore v0.A.9
2018-10-05 08:44:17.947+0000 INFO [o.n.k.i.DiagnosticsManager]   StringPropertyStore v0.A.9
2018-10-05 08:44:17.947+0000 INFO [o.n.k.i.DiagnosticsManager]   LabelTokenStore v0.A.9
2018-10-05 08:44:17.947+0000 INFO [o.n.k.i.DiagnosticsManager]   SchemaStore v0.A.9
2018-10-05 08:44:17.947+0000 INFO [o.n.k.i.DiagnosticsManager]   RelationshipGroupStore v0.A.9
2018-10-05 08:44:17.947+0000 INFO [o.n.k.i.DiagnosticsManager]   NeoStore v0.A.9
2018-10-05 08:44:17.947+0000 INFO [o.n.k.i.DiagnosticsManager] --- STARTED diagnostics for NEO_STORE_VERSIONS END ---
2018-10-05 08:44:17.948+0000 INFO [o.n.k.i.DiagnosticsManager] --- STARTED diagnostics for NEO_STORE_ID_USAGE START ---
2018-10-05 08:44:17.948+0000 INFO [o.n.k.i.DiagnosticsManager] Id usage:
2018-10-05 08:44:17.948+0000 INFO [o.n.k.i.DiagnosticsManager] Id usage:
2018-10-05 08:44:17.949+0000 INFO [o.n.k.i.DiagnosticsManager]   ArrayPropertyStore: used=1 high=0
2018-10-05 08:44:17.949+0000 INFO [o.n.k.i.DiagnosticsManager]   NodeStore: used=0 high=-1
2018-10-05 08:44:17.949+0000 INFO [o.n.k.i.DiagnosticsManager]   StringPropertyStore: used=1 high=0
2018-10-05 08:44:17.949+0000 INFO [o.n.k.i.DiagnosticsManager]   PropertyIndexStore: used=0 high=-1
2018-10-05 08:44:17.949+0000 INFO [o.n.k.i.DiagnosticsManager]   StringPropertyStore: used=1 high=0
2018-10-05 08:44:17.950+0000 INFO [o.n.k.i.DiagnosticsManager]   ArrayPropertyStore: used=1 high=0
2018-10-05 08:44:17.950+0000 INFO [o.n.k.i.DiagnosticsManager]   PropertyStore: used=0 high=-1
2018-10-05 08:44:17.950+0000 INFO [o.n.k.i.DiagnosticsManager]   RelationshipStore: used=0 high=-1
2018-10-05 08:44:17.950+0000 INFO [o.n.k.i.DiagnosticsManager]   StringPropertyStore: used=1 high=0
2018-10-05 08:44:17.950+0000 INFO [o.n.k.i.DiagnosticsManager]   RelationshipTypeStore: used=0 high=-1
2018-10-05 08:44:17.950+0000 INFO [o.n.k.i.DiagnosticsManager]   StringPropertyStore: used=1 high=0
2018-10-05 08:44:17.950+0000 INFO [o.n.k.i.DiagnosticsManager]   LabelTokenStore: used=0 high=-1
2018-10-05 08:44:17.951+0000 INFO [o.n.k.i.DiagnosticsManager]   SchemaStore: used=1 high=0
2018-10-05 08:44:17.951+0000 INFO [o.n.k.i.DiagnosticsManager]   RelationshipGroupStore: used=1 high=0
2018-10-05 08:44:17.954+0000 INFO [o.n.k.i.DiagnosticsManager]   NeoStore: used=15 high=14
2018-10-05 08:44:17.954+0000 INFO [o.n.k.i.DiagnosticsManager] --- STARTED diagnostics for NEO_STORE_ID_USAGE END ---
2018-10-05 08:44:17.954+0000 INFO [o.n.k.i.DiagnosticsManager] --- STARTED diagnostics for NEO_STORE_RECORDS START ---
2018-10-05 08:44:17.954+0000 INFO [o.n.k.i.DiagnosticsManager] Neostore records:
2018-10-05 08:44:17.956+0000 INFO [o.n.k.i.DiagnosticsManager] TIME (Creation time): 1538729056883
2018-10-05 08:44:17.956+0000 INFO [o.n.k.i.DiagnosticsManager] RANDOM_NUMBER (Random number for store id): 7619559967301096301
2018-10-05 08:44:17.956+0000 INFO [o.n.k.i.DiagnosticsManager] LOG_VERSION (Current log version): 0
2018-10-05 08:44:17.956+0000 INFO [o.n.k.i.DiagnosticsManager] LAST_TRANSACTION_ID (Last committed transaction): 1
2018-10-05 08:44:17.956+0000 INFO [o.n.k.i.DiagnosticsManager] STORE_VERSION (Store format version): 16094931155187206
2018-10-05 08:44:17.956+0000 INFO [o.n.k.i.DiagnosticsManager] FIRST_GRAPH_PROPERTY (First property record containing graph properties): -1
2018-10-05 08:44:17.956+0000 INFO [o.n.k.i.DiagnosticsManager] LAST_CONSTRAINT_TRANSACTION (Last committed transaction containing constraint changes): 0
2018-10-05 08:44:17.957+0000 INFO [o.n.k.i.DiagnosticsManager] UPGRADE_TRANSACTION_ID (Transaction id most recent upgrade was performed at): 1
2018-10-05 08:44:17.957+0000 INFO [o.n.k.i.DiagnosticsManager] UPGRADE_TIME (Time of last upgrade): 1538729056883
2018-10-05 08:44:17.957+0000 INFO [o.n.k.i.DiagnosticsManager] LAST_TRANSACTION_CHECKSUM (Checksum of last committed transaction): 0
2018-10-05 08:44:17.957+0000 INFO [o.n.k.i.DiagnosticsManager] UPGRADE_TRANSACTION_CHECKSUM (Checksum of transaction id the most recent upgrade was performed at): 0
2018-10-05 08:44:17.957+0000 INFO [o.n.k.i.DiagnosticsManager] LAST_CLOSED_TRANSACTION_LOG_VERSION (Log version where the last transaction commit entry has been written into): 0
2018-10-05 08:44:17.957+0000 INFO [o.n.k.i.DiagnosticsManager] LAST_CLOSED_TRANSACTION_LOG_BYTE_OFFSET (Byte offset in the log file where the last transaction commit entry has been written into): 16
2018-10-05 08:44:17.957+0000 INFO [o.n.k.i.DiagnosticsManager] LAST_TRANSACTION_COMMIT_TIMESTAMP (Commit time timestamp for last committed transaction): 0
2018-10-05 08:44:17.957+0000 INFO [o.n.k.i.DiagnosticsManager] UPGRADE_TRANSACTION_COMMIT_TIMESTAMP (Commit timestamp of transaction the most recent upgrade was performed at): 0
2018-10-05 08:44:17.958+0000 INFO [o.n.k.i.DiagnosticsManager] --- STARTED diagnostics for NEO_STORE_RECORDS END ---
2018-10-05 08:44:17.959+0000 INFO [o.n.k.i.DiagnosticsManager] --- STARTED diagnostics for TRANSACTION_RANGE START ---
2018-10-05 08:44:17.960+0000 INFO [o.n.k.i.DiagnosticsManager] Transaction log:
2018-10-05 08:44:17.960+0000 INFO [o.n.k.i.DiagnosticsManager] No transactions found in any log
2018-10-05 08:44:17.961+0000 INFO [o.n.k.i.DiagnosticsManager] --- STARTED diagnostics for TRANSACTION_RANGE END ---
2018-10-05 08:44:17.961+0000 INFO [o.n.k.i.DiagnosticsManager] --- STARTED diagnostics for KernelDiagnostics:StoreFiles START ---
2018-10-05 08:44:17.962+0000 INFO [o.n.k.i.DiagnosticsManager] Disk space on partition (Total / Free / Free %): 97997197312 / 33835823104 / 34
2018-10-05 08:44:17.962+0000 INFO [o.n.k.i.DiagnosticsManager] Storage files: (filename : modification date - size)
2018-10-05 08:44:17.964+0000 INFO [o.n.k.i.DiagnosticsManager]   index:
2018-10-05 08:44:17.965+0000 INFO [o.n.k.i.DiagnosticsManager]   - Total: 2018-10-05T11:44:17+0300 - 0.00 B
2018-10-05 08:44:17.967+0000 INFO [o.n.k.i.DiagnosticsManager]   neostore: 2018-10-05T11:44:16+0300 - 8.00 kB
2018-10-05 08:44:17.967+0000 INFO [o.n.k.i.DiagnosticsManager]   neostore.counts.db.a: 2018-10-05T11:44:17+0300 - 96.00 B
2018-10-05 08:44:17.968+0000 INFO [o.n.k.i.DiagnosticsManager]   neostore.id: 2018-10-05T11:44:16+0300 - 9.00 B
2018-10-05 08:44:17.968+0000 INFO [o.n.k.i.DiagnosticsManager]   neostore.labelscanstore.db: 2018-10-05T11:44:17+0300 - 40.00 kB
2018-10-05 08:44:17.968+0000 INFO [o.n.k.i.DiagnosticsManager]   neostore.labeltokenstore.db: 2018-10-05T11:44:16+0300 - 0.00 B
2018-10-05 08:44:17.969+0000 INFO [o.n.k.i.DiagnosticsManager]   neostore.labeltokenstore.db.id: 2018-10-05T11:44:16+0300 - 9.00 B
2018-10-05 08:44:17.969+0000 INFO [o.n.k.i.DiagnosticsManager]   neostore.labeltokenstore.db.names: 2018-10-05T11:44:16+0300 - 8.00 kB
2018-10-05 08:44:17.970+0000 INFO [o.n.k.i.DiagnosticsManager]   neostore.labeltokenstore.db.names.id: 2018-10-05T11:44:16+0300 - 9.00 B
2018-10-05 08:44:17.970+0000 INFO [o.n.k.i.DiagnosticsManager]   neostore.nodestore.db: 2018-10-05T11:44:15+0300 - 0.00 B
2018-10-05 08:44:17.970+0000 INFO [o.n.k.i.DiagnosticsManager]   neostore.nodestore.db.id: 2018-10-05T11:44:15+0300 - 9.00 B
2018-10-05 08:44:17.971+0000 INFO [o.n.k.i.DiagnosticsManager]   neostore.nodestore.db.labels: 2018-10-05T11:44:15+0300 - 8.00 kB
2018-10-05 08:44:17.971+0000 INFO [o.n.k.i.DiagnosticsManager]   neostore.nodestore.db.labels.id: 2018-10-05T11:44:15+0300 - 9.00 B
2018-10-05 08:44:17.972+0000 INFO [o.n.k.i.DiagnosticsManager]   neostore.propertystore.db: 2018-10-05T11:44:16+0300 - 0.00 B
2018-10-05 08:44:17.973+0000 INFO [o.n.k.i.DiagnosticsManager]   neostore.propertystore.db.arrays: 2018-10-05T11:44:16+0300 - 8.00 kB
2018-10-05 08:44:17.973+0000 INFO [o.n.k.i.DiagnosticsManager]   neostore.propertystore.db.arrays.id: 2018-10-05T11:44:16+0300 - 9.00 B
2018-10-05 08:44:17.974+0000 INFO [o.n.k.i.DiagnosticsManager]   neostore.propertystore.db.id: 2018-10-05T11:44:16+0300 - 9.00 B
2018-10-05 08:44:17.974+0000 INFO [o.n.k.i.DiagnosticsManager]   neostore.propertystore.db.index: 2018-10-05T11:44:15+0300 - 0.00 B
2018-10-05 08:44:17.975+0000 INFO [o.n.k.i.DiagnosticsManager]   neostore.propertystore.db.index.id: 2018-10-05T11:44:16+0300 - 9.00 B
2018-10-05 08:44:17.975+0000 INFO [o.n.k.i.DiagnosticsManager]   neostore.propertystore.db.index.keys: 2018-10-05T11:44:15+0300 - 8.00 kB
2018-10-05 08:44:17.975+0000 INFO [o.n.k.i.DiagnosticsManager]   neostore.propertystore.db.index.keys.id: 2018-10-05T11:44:15+0300 - 9.00 B
2018-10-05 08:44:17.976+0000 INFO [o.n.k.i.DiagnosticsManager]   neostore.propertystore.db.strings: 2018-10-05T11:44:16+0300 - 8.00 kB
2018-10-05 08:44:17.976+0000 INFO [o.n.k.i.DiagnosticsManager]   neostore.propertystore.db.strings.id: 2018-10-05T11:44:16+0300 - 9.00 B
2018-10-05 08:44:17.977+0000 INFO [o.n.k.i.DiagnosticsManager]   neostore.relationshipgroupstore.db: 2018-10-05T11:44:16+0300 - 8.00 kB
2018-10-05 08:44:17.977+0000 INFO [o.n.k.i.DiagnosticsManager]   neostore.relationshipgroupstore.db.id: 2018-10-05T11:44:16+0300 - 9.00 B
2018-10-05 08:44:17.977+0000 INFO [o.n.k.i.DiagnosticsManager]   neostore.relationshipstore.db: 2018-10-05T11:44:16+0300 - 0.00 B
2018-10-05 08:44:17.978+0000 INFO [o.n.k.i.DiagnosticsManager]   neostore.relationshipstore.db.id: 2018-10-05T11:44:16+0300 - 9.00 B
2018-10-05 08:44:17.978+0000 INFO [o.n.k.i.DiagnosticsManager]   neostore.relationshiptypestore.db: 2018-10-05T11:44:16+0300 - 0.00 B
2018-10-05 08:44:17.978+0000 INFO [o.n.k.i.DiagnosticsManager]   neostore.relationshiptypestore.db.id: 2018-10-05T11:44:16+0300 - 9.00 B
2018-10-05 08:44:17.979+0000 INFO [o.n.k.i.DiagnosticsManager]   neostore.relationshiptypestore.db.names: 2018-10-05T11:44:16+0300 - 8.00 kB
2018-10-05 08:44:17.979+0000 INFO [o.n.k.i.DiagnosticsManager]   neostore.relationshiptypestore.db.names.id: 2018-10-05T11:44:16+0300 - 9.00 B
2018-10-05 08:44:17.979+0000 INFO [o.n.k.i.DiagnosticsManager]   neostore.schemastore.db: 2018-10-05T11:44:16+0300 - 8.00 kB
2018-10-05 08:44:17.980+0000 INFO [o.n.k.i.DiagnosticsManager]   neostore.schemastore.db.id: 2018-10-05T11:44:16+0300 - 9.00 B
2018-10-05 08:44:17.980+0000 INFO [o.n.k.i.DiagnosticsManager]   neostore.transaction.db.0: 2018-10-05T11:44:17+0300 - 16.00 B
2018-10-05 08:44:17.980+0000 INFO [o.n.k.i.DiagnosticsManager]   store_lock: 2018-10-05T11:44:15+0300 - 0.00 B
2018-10-05 08:44:17.981+0000 INFO [o.n.k.i.DiagnosticsManager] Storage summary: 
2018-10-05 08:44:17.981+0000 INFO [o.n.k.i.DiagnosticsManager]   Total size of store: 112.24 kB
2018-10-05 08:44:17.981+0000 INFO [o.n.k.i.DiagnosticsManager]   Total size of mapped files: 112.00 kB
2018-10-05 08:44:17.981+0000 INFO [o.n.k.i.DiagnosticsManager] --- STARTED diagnostics for KernelDiagnostics:StoreFiles END ---
2018-10-05 08:44:21.007+0000 INFO [o.n.k.i.DiagnosticsManager] --- SERVER STARTED START ---
2018-10-05 08:44:22.622+0000 INFO [o.n.k.i.DiagnosticsManager] --- SERVER STARTED END ---
2018-10-05 08:45:54.873+0000 ERROR [o.n.b.t.p.HouseKeeper] Fatal error occurred when handling a client connection: [id: 0xa6c7b093, L:/127.0.0.1:7472 ! R:/127.0.0.1:39450] syscall:write(..) failed: Broken pipe
io.netty.channel.unix.Errors$NativeIoException: syscall:write(..) failed: Broken pipe
	at io.netty.channel.unix.FileDescriptor.writeAddress(..)(Unknown Source)
